#
# There is insufficient memory for the Java Runtime Environment to continue.
# Native memory allocation (malloc) failed to allocate 125304832 bytes for committing reserved memory.
# Possible reasons:
#   The system is out of physical RAM or swap space
#   In 32 bit mode, the process size limit was hit
# Possible solutions:
#   Reduce memory load on the system
#   Increase physical memory or swap space
#   Check if swap backing store is full
#   Use 64 bit Java on a 64 bit OS
#   Decrease Java heap size (-Xmx/-Xms)
#   Decrease number of Java threads
#   Decrease Java thread stack sizes (-Xss)
#   Set larger code cache with -XX:ReservedCodeCacheSize=
# This output file may be truncated or incomplete.
#
#  Out of Memory Error (os_linux.cpp:2756), pid=4890, tid=140143481747200
#
# JRE version: Java(TM) SE Runtime Environment (7.0_80-b15) (build 1.7.0_80-b15)
# Java VM: Java HotSpot(TM) 64-Bit Server VM (24.80-b11 mixed mode linux-amd64 compressed oops)
# Failed to write core dump. Core dumps have been disabled. To enable core dumping, try "ulimit -c unlimited" before starting Java again
#

---------------  T H R E A D  ---------------

Current thread (0x00007f75b806b800):  VMThread [stack: 0x00007f75b2627000,0x00007f75b2728000] [id=4906]

Stack: [0x00007f75b2627000,0x00007f75b2728000],  sp=0x00007f75b2726040,  free space=1020k
Native frames: (J=compiled Java code, j=interpreted, Vv=VM code, C=native code)
V  [libjvm.so+0x9a320a]  VMError::report_and_die()+0x2ea
V  [libjvm.so+0x498d3b]  report_vm_out_of_memory(char const*, int, unsigned long, char const*)+0x9b
V  [libjvm.so+0x82191e]  os::Linux::commit_memory_impl(char*, unsigned long, bool)+0xfe
V  [libjvm.so+0x821e69]  os::pd_commit_memory(char*, unsigned long, unsigned long, bool)+0x29
V  [libjvm.so+0x81bb6a]  os::commit_memory(char*, unsigned long, unsigned long, bool)+0x2a
V  [libjvm.so+0x88d623]  PSVirtualSpace::expand_by(unsigned long)+0x53
V  [libjvm.so+0x88e9f8]  PSYoungGen::resize_generation(unsigned long, unsigned long)+0xf8
V  [libjvm.so+0x88db62]  PSYoungGen::resize(unsigned long, unsigned long)+0x22
V  [libjvm.so+0x88af1d]  PSScavenge::invoke_no_policy()+0xf3d
V  [libjvm.so+0x88b761]  PSScavenge::invoke()+0x41
V  [libjvm.so+0x843f40]  ParallelScavengeHeap::failed_mem_allocate(unsigned long)+0x70
V  [libjvm.so+0x9a4a97]  VM_ParallelGCFailedAllocation::doit()+0x97
V  [libjvm.so+0x9abf35]  VM_Operation::evaluate()+0x55
V  [libjvm.so+0x9aa2fa]  VMThread::evaluate_operation(VM_Operation*)+0xba
V  [libjvm.so+0x9aa67e]  VMThread::loop()+0x1ce
V  [libjvm.so+0x9aaaf0]  VMThread::run()+0x70
V  [libjvm.so+0x8238c8]  java_start(Thread*)+0x108

VM_Operation (0x00007f75c0456450): ParallelGCFailedAllocation, mode: safepoint, requested by thread 0x00007f75b800c000


---------------  P R O C E S S  ---------------

Java Threads: ( => current thread )
  0x00007f75b809a800 JavaThread "Service Thread" daemon [_thread_blocked, id=4920, stack(0x00007f75b1d58000,0x00007f75b1e59000)]
  0x00007f75b8098000 JavaThread "C2 CompilerThread1" daemon [_thread_blocked, id=4919, stack(0x00007f75b1e59000,0x00007f75b1f5a000)]
  0x00007f75b8095000 JavaThread "C2 CompilerThread0" daemon [_thread_blocked, id=4918, stack(0x00007f75b1f5a000,0x00007f75b205b000)]
  0x00007f75b8093000 JavaThread "Signal Dispatcher" daemon [_thread_blocked, id=4917, stack(0x00007f75b205b000,0x00007f75b215c000)]
  0x00007f75b8072000 JavaThread "Finalizer" daemon [_thread_blocked, id=4908, stack(0x00007f75b2425000,0x00007f75b2526000)]
  0x00007f75b8070000 JavaThread "Reference Handler" daemon [_thread_blocked, id=4907, stack(0x00007f75b2526000,0x00007f75b2627000)]
  0x00007f75b800c000 JavaThread "main" [_thread_blocked, id=4895, stack(0x00007f75c0357000,0x00007f75c0458000)]

Other Threads:
=>0x00007f75b806b800 VMThread [stack: 0x00007f75b2627000,0x00007f75b2728000] [id=4906]
  0x00007f75b80a5000 WatcherThread [stack: 0x00007f75b1c57000,0x00007f75b1d58000] [id=4921]

VM state:at safepoint (normal execution)

VM Mutex/Monitor currently owned by a thread:  ([mutex/lock_event])
[0x00007f75b8008310] Threads_lock - owner thread: 0x00007f75b806b800
[0x00007f75b8008810] Heap_lock - owner thread: 0x00007f75b800c000

Heap
 PSYoungGen      total 214528K, used 12355K [0x00000000eaa80000, 0x00000000f8880000, 0x0000000100000000)
  eden space 201728K, 0% used [0x00000000eaa80000,0x00000000eaa80000,0x00000000f6f80000)
  from space 12800K, 96% used [0x00000000f6f80000,0x00000000f7b90f48,0x00000000f7c00000)
  to   space 12288K, 0% used [0x00000000f7c80000,0x00000000f7c80000,0x00000000f8880000)
 ParOldGen       total 57856K, used 52457K [0x00000000c0000000, 0x00000000c3880000, 0x00000000eaa80000)
  object space 57856K, 90% used [0x00000000c0000000,0x00000000c333a658,0x00000000c3880000)
 PSPermGen       total 21504K, used 7280K [0x00000000bae00000, 0x00000000bc300000, 0x00000000c0000000)
  object space 21504K, 33% used [0x00000000bae00000,0x00000000bb51c028,0x00000000bc300000)

Card table byte_map: [0x00007f75bd421000,0x00007f75bd64b000] byte_map_base: 0x00007f75bce4a000

Polling page: 0x00007f75c047b000

Code Cache  [0x00007f75b5000000, 0x00007f75b52e0000, 0x00007f75b8000000)
 total_blobs=1235 nmethods=983 adapters=205 free_code_cache=46273Kb largest_free_block=47326272

Compilation events (10 events):
Event: 7.715 Thread 0x00007f75b8095000 nmethod 1019 0x00007f75b52d02d0 code [0x00007f75b52d0420, 0x00007f75b52d04f8]
Event: 7.721 Thread 0x00007f75b8098000 nmethod 1017 0x00007f75b52d8090 code [0x00007f75b52d82c0, 0x00007f75b52d9a88]
Event: 7.758 Thread 0x00007f75b8095000 1020             java.nio.Buffer::hasRemaining (17 bytes)
Event: 7.758 Thread 0x00007f75b8095000 nmethod 1020 0x00007f75b52c8cd0 code [0x00007f75b52c8e00, 0x00007f75b52c8e58]
Event: 7.797 Thread 0x00007f75b8098000 1021             com.android.dx.io.instructions.InstructionCodec$7::decode (50 bytes)
Event: 7.797 Thread 0x00007f75b8095000 1022             com.android.dx.io.instructions.InstructionCodec$7::encode (23 bytes)
Event: 7.798 Thread 0x00007f75b8095000 nmethod 1022 0x00007f75b52c6310 code [0x00007f75b52c6460, 0x00007f75b52c65b8]
Event: 7.799 Thread 0x00007f75b8098000 nmethod 1021 0x00007f75b51ab490 code [0x00007f75b51ab5e0, 0x00007f75b51ab818]
Event: 8.089 Thread 0x00007f75b8095000 1023             java.lang.Integer::highestOneBit (38 bytes)
Event: 8.089 Thread 0x00007f75b8095000 nmethod 1023 0x00007f75b51ab290 code [0x00007f75b51ab3c0, 0x00007f75b51ab438]

GC Heap History (10 events):
Event: 6.273 GC heap after
Heap after GC invocations=6 (full 0):
 PSYoungGen      total 74240K, used 4249K [0x00000000eaa80000, 0x00000000efd80000, 0x0000000100000000)
  eden space 63488K, 0% used [0x00000000eaa80000,0x00000000eaa80000,0x00000000ee880000)
  from space 10752K, 39% used [0x00000000ef300000,0x00000000ef7265d0,0x00000000efd80000)
  to   space 10752K, 0% used [0x00000000ee880000,0x00000000ee880000,0x00000000ef300000)
 ParOldGen       total 40960K, used 21866K [0x00000000c0000000, 0x00000000c2800000, 0x00000000eaa80000)
  object space 40960K, 53% used [0x00000000c0000000,0x00000000c155a870,0x00000000c2800000)
 PSPermGen       total 21504K, used 7111K [0x00000000bae00000, 0x00000000bc300000, 0x00000000c0000000)
  object space 21504K, 33% used [0x00000000bae00000,0x00000000bb4f1d80,0x00000000bc300000)
}
Event: 6.643 GC heap before
{Heap before GC invocations=7 (full 0):
 PSYoungGen      total 74240K, used 67737K [0x00000000eaa80000, 0x00000000efd80000, 0x0000000100000000)
  eden space 63488K, 100% used [0x00000000eaa80000,0x00000000ee880000,0x00000000ee880000)
  from space 10752K, 39% used [0x00000000ef300000,0x00000000ef7265d0,0x00000000efd80000)
  to   space 10752K, 0% used [0x00000000ee880000,0x00000000ee880000,0x00000000ef300000)
 ParOldGen       total 40960K, used 21866K [0x00000000c0000000, 0x00000000c2800000, 0x00000000eaa80000)
  object space 40960K, 53% used [0x00000000c0000000,0x00000000c155a870,0x00000000c2800000)
 PSPermGen       total 21504K, used 7245K [0x00000000bae00000, 0x00000000bc300000, 0x00000000c0000000)
  object space 21504K, 33% used [0x00000000bae00000,0x00000000bb513470,0x00000000bc300000)
Event: 6.650 GC heap after
Heap after GC invocations=7 (full 0):
 PSYoungGen      total 74240K, used 7008K [0x00000000eaa80000, 0x00000000f3b80000, 0x0000000100000000)
  eden space 63488K, 0% used [0x00000000eaa80000,0x00000000eaa80000,0x00000000ee880000)
  from space 10752K, 65% used [0x00000000ee880000,0x00000000eef58270,0x00000000ef300000)
  to   space 10752K, 0% used [0x00000000f3100000,0x00000000f3100000,0x00000000f3b80000)
 ParOldGen       total 40960K, used 23424K [0x00000000c0000000, 0x00000000c2800000, 0x00000000eaa80000)
  object space 40960K, 57% used [0x00000000c0000000,0x00000000c16e0398,0x00000000c2800000)
 PSPermGen       total 21504K, used 7245K [0x00000000bae00000, 0x00000000bc300000, 0x00000000c0000000)
  object space 21504K, 33% used [0x00000000bae00000,0x00000000bb513470,0x00000000bc300000)
}
Event: 6.931 GC heap before
{Heap before GC invocations=8 (full 0):
 PSYoungGen      total 74240K, used 70496K [0x00000000eaa80000, 0x00000000f3b80000, 0x0000000100000000)
  eden space 63488K, 100% used [0x00000000eaa80000,0x00000000ee880000,0x00000000ee880000)
  from space 10752K, 65% used [0x00000000ee880000,0x00000000eef58270,0x00000000ef300000)
  to   space 10752K, 0% used [0x00000000f3100000,0x00000000f3100000,0x00000000f3b80000)
 ParOldGen       total 40960K, used 23424K [0x00000000c0000000, 0x00000000c2800000, 0x00000000eaa80000)
  object space 40960K, 57% used [0x00000000c0000000,0x00000000c16e0398,0x00000000c2800000)
 PSPermGen       total 21504K, used 7260K [0x00000000bae00000, 0x00000000bc300000, 0x00000000c0000000)
  object space 21504K, 33% used [0x00000000bae00000,0x00000000bb517050,0x00000000bc300000)
Event: 6.940 GC heap after
Heap after GC invocations=8 (full 0):
 PSYoungGen      total 136704K, used 10687K [0x00000000eaa80000, 0x00000000f3d80000, 0x0000000100000000)
  eden space 125952K, 0% used [0x00000000eaa80000,0x00000000eaa80000,0x00000000f2580000)
  from space 10752K, 99% used [0x00000000f3100000,0x00000000f3b6fe48,0x00000000f3b80000)
  to   space 11776K, 0% used [0x00000000f2580000,0x00000000f2580000,0x00000000f3100000)
 ParOldGen       total 40960K, used 26392K [0x00000000c0000000, 0x00000000c2800000, 0x00000000eaa80000)
  object space 40960K, 64% used [0x00000000c0000000,0x00000000c19c60e0,0x00000000c2800000)
 PSPermGen       total 21504K, used 7260K [0x00000000bae00000, 0x00000000bc300000, 0x00000000c0000000)
  object space 21504K, 33% used [0x00000000bae00000,0x00000000bb517050,0x00000000bc300000)
}
Event: 7.334 GC heap before
{Heap before GC invocations=9 (full 0):
 PSYoungGen      total 136704K, used 136639K [0x00000000eaa80000, 0x00000000f3d80000, 0x0000000100000000)
  eden space 125952K, 100% used [0x00000000eaa80000,0x00000000f2580000,0x00000000f2580000)
  from space 10752K, 99% used [0x00000000f3100000,0x00000000f3b6fe48,0x00000000f3b80000)
  to   space 11776K, 0% used [0x00000000f2580000,0x00000000f2580000,0x00000000f3100000)
 ParOldGen       total 40960K, used 26392K [0x00000000c0000000, 0x00000000c2800000, 0x00000000eaa80000)
  object space 40960K, 64% used [0x00000000c0000000,0x00000000c19c60e0,0x00000000c2800000)
 PSPermGen       total 21504K, used 7270K [0x00000000bae00000, 0x00000000bc300000, 0x00000000c0000000)
  object space 21504K, 33% used [0x00000000bae00000,0x00000000bb5198f0,0x00000000bc300000)
Event: 7.343 GC heap after
Heap after GC invocations=9 (full 0):
 PSYoungGen      total 137728K, used 11169K [0x00000000eaa80000, 0x00000000f8980000, 0x0000000100000000)
  eden space 125952K, 0% used [0x00000000eaa80000,0x00000000eaa80000,0x00000000f2580000)
  from space 11776K, 94% used [0x00000000f2580000,0x00000000f30686c0,0x00000000f3100000)
  to   space 13312K, 0% used [0x00000000f7c80000,0x00000000f7c80000,0x00000000f8980000)
 ParOldGen       total 40960K, used 30661K [0x00000000c0000000, 0x00000000c2800000, 0x00000000eaa80000)
  object space 40960K, 74% used [0x00000000c0000000,0x00000000c1df1438,0x00000000c2800000)
 PSPermGen       total 21504K, used 7270K [0x00000000bae00000, 0x00000000bc300000, 0x00000000c0000000)
  object space 21504K, 33% used [0x00000000bae00000,0x00000000bb5198f0,0x00000000bc300000)
}
Event: 7.583 GC heap before
{Heap before GC invocations=10 (full 0):
 PSYoungGen      total 137728K, used 137121K [0x00000000eaa80000, 0x00000000f8980000, 0x0000000100000000)
  eden space 125952K, 100% used [0x00000000eaa80000,0x00000000f2580000,0x00000000f2580000)
  from space 11776K, 94% used [0x00000000f2580000,0x00000000f30686c0,0x00000000f3100000)
  to   space 13312K, 0% used [0x00000000f7c80000,0x00000000f7c80000,0x00000000f8980000)
 ParOldGen       total 40960K, used 30661K [0x00000000c0000000, 0x00000000c2800000, 0x00000000eaa80000)
  object space 40960K, 74% used [0x00000000c0000000,0x00000000c1df1438,0x00000000c2800000)
 PSPermGen       total 21504K, used 7276K [0x00000000bae00000, 0x00000000bc300000, 0x00000000c0000000)
  object space 21504K, 33% used [0x00000000bae00000,0x00000000bb51b1c0,0x00000000bc300000)
Event: 7.586 GC heap after
Heap after GC invocations=10 (full 0):
 PSYoungGen      total 214016K, used 7252K [0x00000000eaa80000, 0x00000000f8880000, 0x0000000100000000)
  eden space 201728K, 0% used [0x00000000eaa80000,0x00000000eaa80000,0x00000000f6f80000)
  from space 12288K, 59% used [0x00000000f7c80000,0x00000000f8395178,0x00000000f8880000)
  to   space 12800K, 0% used [0x00000000f6f80000,0x00000000f6f80000,0x00000000f7c00000)
 ParOldGen       total 40960K, used 30669K [0x00000000c0000000, 0x00000000c2800000, 0x00000000eaa80000)
  object space 40960K, 74% used [0x00000000c0000000,0x00000000c1df3438,0x00000000c2800000)
 PSPermGen       total 21504K, used 7276K [0x00000000bae00000, 0x00000000bc300000, 0x00000000c0000000)
  object space 21504K, 33% used [0x00000000bae00000,0x00000000bb51b1c0,0x00000000bc300000)
}
Event: 8.334 GC heap before
{Heap before GC invocations=11 (full 0):
 PSYoungGen      total 214016K, used 208980K [0x00000000eaa80000, 0x00000000f8880000, 0x0000000100000000)
  eden space 201728K, 100% used [0x00000000eaa80000,0x00000000f6f80000,0x00000000f6f80000)
  from space 12288K, 59% used [0x00000000f7c80000,0x00000000f8395178,0x00000000f8880000)
  to   space 12800K, 0% used [0x00000000f6f80000,0x00000000f6f80000,0x00000000f7c00000)
 ParOldGen       total 40960K, used 30669K [0x00000000c0000000, 0x00000000c2800000, 0x00000000eaa80000)
  object space 40960K, 74% used [0x00000000c0000000,0x00000000c1df3438,0x00000000c2800000)
 PSPermGen       total 21504K, used 7280K [0x00000000bae00000, 0x00000000bc300000, 0x00000000c0000000)
  object space 21504K, 33% used [0x00000000bae00000,0x00000000bb51c028,0x00000000bc300000)

Deoptimization events (10 events):
Event: 6.682 Thread 0x00007f75b800c000 Uncommon trap: reason=predicate action=maybe_recompile pc=0x00007f75b525c150 method=java.util.TimSort.binarySort([Ljava/lang/Object;IIILjava/util/Comparator;)V @ 37
Event: 6.805 Thread 0x00007f75b800c000 Uncommon trap: reason=array_check action=maybe_recompile pc=0x00007f75b5278d08 method=java.util.TimSort.binarySort([Ljava/lang/Object;IIILjava/util/Comparator;)V @ 193
Event: 6.805 Thread 0x00007f75b800c000 Uncommon trap: reason=array_check action=maybe_recompile pc=0x00007f75b5278de4 method=java.util.TimSort.binarySort([Ljava/lang/Object;IIILjava/util/Comparator;)V @ 183
Event: 6.805 Thread 0x00007f75b800c000 Uncommon trap: reason=array_check action=maybe_recompile pc=0x00007f75b5278d08 method=java.util.TimSort.binarySort([Ljava/lang/Object;IIILjava/util/Comparator;)V @ 193
Event: 6.805 Thread 0x00007f75b800c000 Uncommon trap: reason=array_check action=maybe_recompile pc=0x00007f75b5278bf8 method=java.util.TimSort.binarySort([Ljava/lang/Object;IIILjava/util/Comparator;)V @ 215
Event: 6.805 Thread 0x00007f75b800c000 Uncommon trap: reason=array_check action=maybe_recompile pc=0x00007f75b5278d08 method=java.util.TimSort.binarySort([Ljava/lang/Object;IIILjava/util/Comparator;)V @ 193
Event: 6.854 Thread 0x00007f75b800c000 Uncommon trap: reason=array_check action=maybe_recompile pc=0x00007f75b527a654 method=java.util.ComparableTimSort.binarySort([Ljava/lang/Object;III)V @ 183
Event: 6.927 Thread 0x00007f75b800c000 Uncommon trap: reason=array_check action=maybe_recompile pc=0x00007f75b527a654 method=java.util.ComparableTimSort.binarySort([Ljava/lang/Object;III)V @ 183
Event: 7.402 Thread 0x00007f75b800c000 Uncommon trap: reason=unstable_if action=reinterpret pc=0x00007f75b5299364 method=java.util.ComparableTimSort.mergeHi(IIII)V @ 569
Event: 7.402 Thread 0x00007f75b800c000 Uncommon trap: reason=unstable_if action=reinterpret pc=0x00007f75b52c366c method=java.util.ComparableTimSort.mergeLo(IIII)V @ 506

Internal exceptions (10 events):
Event: 5.836 Thread 0x00007f75b800c000 Threw 0x00000000ead65698 at /HUDSON/workspace/7u-2-build-linux-amd64/jdk7u80/2329/hotspot/src/share/vm/prims/jvm.cpp:1319
Event: 5.837 Thread 0x00007f75b800c000 Threw 0x00000000ead68590 at /HUDSON/workspace/7u-2-build-linux-amd64/jdk7u80/2329/hotspot/src/share/vm/prims/jvm.cpp:1319
Event: 5.837 Thread 0x00007f75b800c000 Threw 0x00000000ead6b8a0 at /HUDSON/workspace/7u-2-build-linux-amd64/jdk7u80/2329/hotspot/src/share/vm/prims/jvm.cpp:1319
Event: 5.839 Thread 0x00007f75b800c000 Threw 0x00000000ead72bf8 at /HUDSON/workspace/7u-2-build-linux-amd64/jdk7u80/2329/hotspot/src/share/vm/prims/jvm.cpp:1319
Event: 5.840 Thread 0x00007f75b800c000 Threw 0x00000000ead74c58 at /HUDSON/workspace/7u-2-build-linux-amd64/jdk7u80/2329/hotspot/src/share/vm/prims/jvm.cpp:1319
Event: 5.962 Thread 0x00007f75b800c000 Threw 0x00000000eaf19188 at /HUDSON/workspace/7u-2-build-linux-amd64/jdk7u80/2329/hotspot/src/share/vm/prims/jvm.cpp:1319
Event: 5.962 Thread 0x00007f75b800c000 Threw 0x00000000eaf192b0 at /HUDSON/workspace/7u-2-build-linux-amd64/jdk7u80/2329/hotspot/src/share/vm/prims/jvm.cpp:1319
Event: 5.962 Thread 0x00007f75b800c000 Threw 0x00000000eaf1b620 at /HUDSON/workspace/7u-2-build-linux-amd64/jdk7u80/2329/hotspot/src/share/vm/prims/jvm.cpp:1319
Event: 5.962 Thread 0x00007f75b800c000 Threw 0x00000000eaf1b748 at /HUDSON/workspace/7u-2-build-linux-amd64/jdk7u80/2329/hotspot/src/share/vm/prims/jvm.cpp:1319
Event: 6.254 Thread 0x00007f75b800c000 Threw 0x00000000ec7155a8 at /HUDSON/workspace/7u-2-build-linux-amd64/jdk7u80/2329/hotspot/src/share/vm/prims/jvm.cpp:1319

Events (10 events):
Event: 7.402 Thread 0x00007f75b800c000 DEOPT PACKING pc=0x00007f75b5299364 sp=0x00007f75c0456330
Event: 7.402 Thread 0x00007f75b800c000 DEOPT UNPACKING pc=0x00007f75b5039445 sp=0x00007f75c0456328 mode 2
Event: 7.402 Thread 0x00007f75b800c000 Uncommon trap: trap_request=0xffffff75 fr.pc=0x00007f75b52c366c
Event: 7.402 Thread 0x00007f75b800c000 DEOPT PACKING pc=0x00007f75b52c366c sp=0x00007f75c0456330
Event: 7.402 Thread 0x00007f75b800c000 DEOPT UNPACKING pc=0x00007f75b5039445 sp=0x00007f75c0456338 mode 2
Event: 7.433 Thread 0x00007f75b8095000 flushing nmethod 0x00007f75b52256d0
Event: 7.583 Executing VM operation: ParallelGCFailedAllocation
Event: 7.586 Executing VM operation: ParallelGCFailedAllocation done
Event: 7.758 Thread 0x00007f75b8095000 flushing nmethod 0x00007f75b524dcd0
Event: 8.334 Executing VM operation: ParallelGCFailedAllocation


Dynamic libraries:
00400000-00401000 r-xp 00000000 08:02 272595                             /usr/lib/jvm/java-7-oracle/bin/java
00600000-00601000 rw-p 00000000 08:02 272595                             /usr/lib/jvm/java-7-oracle/bin/java
00fad000-00fce000 rw-p 00000000 00:00 0                                  [heap]
bae00000-bc300000 rw-p 00000000 00:00 0 
bc300000-c0000000 rw-p 00000000 00:00 0 
c0000000-c3880000 rw-p 00000000 00:00 0 
c3880000-eaa80000 rw-p 00000000 00:00 0 
eaa80000-f8880000 rw-p 00000000 00:00 0 
7f757c000000-7f757c021000 rw-p 00000000 00:00 0 
7f757c021000-7f7580000000 ---p 00000000 00:00 0 
7f7580000000-7f7580021000 rw-p 00000000 00:00 0 
7f7580021000-7f7584000000 ---p 00000000 00:00 0 
7f7584000000-7f7584a14000 rw-p 00000000 00:00 0 
7f7584a14000-7f7588000000 ---p 00000000 00:00 0 
7f7588000000-7f7588bef000 rw-p 00000000 00:00 0 
7f7588bef000-7f758c000000 ---p 00000000 00:00 0 
7f758c000000-7f758c021000 rw-p 00000000 00:00 0 
7f758c021000-7f7590000000 ---p 00000000 00:00 0 
7f7590000000-7f7590021000 rw-p 00000000 00:00 0 
7f7590021000-7f7594000000 ---p 00000000 00:00 0 
7f7594000000-7f759424f000 rw-p 00000000 00:00 0 
7f759424f000-7f7598000000 ---p 00000000 00:00 0 
7f7598000000-7f7598021000 rw-p 00000000 00:00 0 
7f7598021000-7f759c000000 ---p 00000000 00:00 0 
7f759c000000-7f759c021000 rw-p 00000000 00:00 0 
7f759c021000-7f75a0000000 ---p 00000000 00:00 0 
7f75a4000000-7f75a4021000 rw-p 00000000 00:00 0 
7f75a4021000-7f75a8000000 ---p 00000000 00:00 0 
7f75a8000000-7f75a8021000 rw-p 00000000 00:00 0 
7f75a8021000-7f75ac000000 ---p 00000000 00:00 0 
7f75ac000000-7f75ac021000 rw-p 00000000 00:00 0 
7f75ac021000-7f75b0000000 ---p 00000000 00:00 0 
7f75b182f000-7f75b1846000 r-xp 00000000 08:02 273251                     /usr/lib/jvm/java-7-oracle/jre/lib/amd64/libnet.so
7f75b1846000-7f75b1a45000 ---p 00017000 08:02 273251                     /usr/lib/jvm/java-7-oracle/jre/lib/amd64/libnet.so
7f75b1a45000-7f75b1a46000 rw-p 00016000 08:02 273251                     /usr/lib/jvm/java-7-oracle/jre/lib/amd64/libnet.so
7f75b1a46000-7f75b1a56000 r-xp 00000000 08:02 273289                     /usr/lib/jvm/java-7-oracle/jre/lib/amd64/libnio.so
7f75b1a56000-7f75b1c56000 ---p 00010000 08:02 273289                     /usr/lib/jvm/java-7-oracle/jre/lib/amd64/libnio.so
7f75b1c56000-7f75b1c57000 rw-p 00010000 08:02 273289                     /usr/lib/jvm/java-7-oracle/jre/lib/amd64/libnio.so
7f75b1c57000-7f75b1c58000 ---p 00000000 00:00 0 
7f75b1c58000-7f75b1d58000 rw-p 00000000 00:00 0                          [stack:4921]
7f75b1d58000-7f75b1d5b000 ---p 00000000 00:00 0 
7f75b1d5b000-7f75b1e59000 rw-p 00000000 00:00 0                          [stack:4920]
7f75b1e59000-7f75b1e5c000 ---p 00000000 00:00 0 
7f75b1e5c000-7f75b1f5a000 rw-p 00000000 00:00 0                          [stack:4919]
7f75b1f5a000-7f75b1f5d000 ---p 00000000 00:00 0 
7f75b1f5d000-7f75b205b000 rw-p 00000000 00:00 0                          [stack:4918]
7f75b205b000-7f75b205e000 ---p 00000000 00:00 0 
7f75b205e000-7f75b215c000 rw-p 00000000 00:00 0                          [stack:4917]
7f75b215c000-7f75b2425000 r--p 00000000 08:02 138499                     /usr/lib/locale/locale-archive
7f75b2425000-7f75b2428000 ---p 00000000 00:00 0 
7f75b2428000-7f75b2526000 rw-p 00000000 00:00 0                          [stack:4908]
7f75b2526000-7f75b2529000 ---p 00000000 00:00 0 
7f75b2529000-7f75b2627000 rw-p 00000000 00:00 0                          [stack:4907]
7f75b2627000-7f75b2628000 ---p 00000000 00:00 0 
7f75b2628000-7f75b5000000 rw-p 00000000 00:00 0                          [stack:4906]
7f75b5000000-7f75b52e0000 rwxp 00000000 00:00 0 
7f75b52e0000-7f75b821b000 rw-p 00000000 00:00 0 
7f75b821b000-7f75bc000000 ---p 00000000 00:00 0 
7f75bc005000-7f75bc9bc000 rw-p 00000000 00:00 0 
7f75bc9bc000-7f75bcb7c000 r--s 039fb000 08:02 273319                     /usr/lib/jvm/java-7-oracle/jre/lib/rt.jar
7f75bcb7c000-7f75bce9e000 rw-p 00000000 00:00 0 
7f75bce9e000-7f75bce9f000 ---p 00000000 00:00 0 
7f75bce9f000-7f75bcf9f000 rw-p 00000000 00:00 0                          [stack:4899]
7f75bcf9f000-7f75bcfa0000 ---p 00000000 00:00 0 
7f75bcfa0000-7f75bd0a0000 rw-p 00000000 00:00 0                          [stack:4898]
7f75bd0a0000-7f75bd0a1000 ---p 00000000 00:00 0 
7f75bd0a1000-7f75bd1a1000 rw-p 00000000 00:00 0                          [stack:4897]
7f75bd1a1000-7f75bd1a2000 ---p 00000000 00:00 0 
7f75bd1a2000-7f75bd2ad000 rw-p 00000000 00:00 0                          [stack:4896]
7f75bd2ad000-7f75bd2cb000 rw-p 00000000 00:00 0 
7f75bd2cb000-7f75bd2e8000 rw-p 00000000 00:00 0 
7f75bd2e8000-7f75bd421000 rw-p 00000000 00:00 0 
7f75bd421000-7f75bd42c000 rw-p 00000000 00:00 0 
7f75bd42c000-7f75bd44a000 rw-p 00000000 00:00 0 
7f75bd44a000-7f75bd467000 rw-p 00000000 00:00 0 
7f75bd467000-7f75bd59f000 rw-p 00000000 00:00 0 
7f75bd59f000-7f75bd60f000 rw-p 00000000 00:00 0 
7f75bd60f000-7f75bd64a000 rw-p 00000000 00:00 0 
7f75bd64a000-7f75bd64b000 rw-p 00000000 00:00 0 
7f75bd64b000-7f75bd662000 r-xp 00000000 08:02 273253                     /usr/lib/jvm/java-7-oracle/jre/lib/amd64/libzip.so
7f75bd662000-7f75bd862000 ---p 00017000 08:02 273253                     /usr/lib/jvm/java-7-oracle/jre/lib/amd64/libzip.so
7f75bd862000-7f75bd863000 rw-p 00017000 08:02 273253                     /usr/lib/jvm/java-7-oracle/jre/lib/amd64/libzip.so
7f75bd863000-7f75bd86e000 r-xp 00000000 08:02 918545                     /lib/x86_64-linux-gnu/libnss_files-2.19.so
7f75bd86e000-7f75bda6d000 ---p 0000b000 08:02 918545                     /lib/x86_64-linux-gnu/libnss_files-2.19.so
7f75bda6d000-7f75bda6e000 r--p 0000a000 08:02 918545                     /lib/x86_64-linux-gnu/libnss_files-2.19.so
7f75bda6e000-7f75bda6f000 rw-p 0000b000 08:02 918545                     /lib/x86_64-linux-gnu/libnss_files-2.19.so
7f75bda6f000-7f75bda7a000 r-xp 00000000 08:02 918596                     /lib/x86_64-linux-gnu/libnss_nis-2.19.so
7f75bda7a000-7f75bdc79000 ---p 0000b000 08:02 918596                     /lib/x86_64-linux-gnu/libnss_nis-2.19.so
7f75bdc79000-7f75bdc7a000 r--p 0000a000 08:02 918596                     /lib/x86_64-linux-gnu/libnss_nis-2.19.so
7f75bdc7a000-7f75bdc7b000 rw-p 0000b000 08:02 918596                     /lib/x86_64-linux-gnu/libnss_nis-2.19.so
7f75bdc7b000-7f75bdc92000 r-xp 00000000 08:02 918565                     /lib/x86_64-linux-gnu/libnsl-2.19.so
7f75bdc92000-7f75bde91000 ---p 00017000 08:02 918565                     /lib/x86_64-linux-gnu/libnsl-2.19.so
7f75bde91000-7f75bde92000 r--p 00016000 08:02 918565                     /lib/x86_64-linux-gnu/libnsl-2.19.so
7f75bde92000-7f75bde93000 rw-p 00017000 08:02 918565                     /lib/x86_64-linux-gnu/libnsl-2.19.so
7f75bde93000-7f75bde95000 rw-p 00000000 00:00 0 
7f75bde95000-7f75bde9e000 r-xp 00000000 08:02 918564                     /lib/x86_64-linux-gnu/libnss_compat-2.19.so
7f75bde9e000-7f75be09d000 ---p 00009000 08:02 918564                     /lib/x86_64-linux-gnu/libnss_compat-2.19.so
7f75be09d000-7f75be09e000 r--p 00008000 08:02 918564                     /lib/x86_64-linux-gnu/libnss_compat-2.19.so
7f75be09e000-7f75be09f000 rw-p 00009000 08:02 918564                     /lib/x86_64-linux-gnu/libnss_compat-2.19.so
7f75be09f000-7f75be0c8000 r-xp 00000000 08:02 273281                     /usr/lib/jvm/java-7-oracle/jre/lib/amd64/libjava.so
7f75be0c8000-7f75be2c8000 ---p 00029000 08:02 273281                     /usr/lib/jvm/java-7-oracle/jre/lib/amd64/libjava.so
7f75be2c8000-7f75be2ca000 rw-p 00029000 08:02 273281                     /usr/lib/jvm/java-7-oracle/jre/lib/amd64/libjava.so
7f75be2ca000-7f75be2d7000 r-xp 00000000 08:02 273276                     /usr/lib/jvm/java-7-oracle/jre/lib/amd64/libverify.so
7f75be2d7000-7f75be4d6000 ---p 0000d000 08:02 273276                     /usr/lib/jvm/java-7-oracle/jre/lib/amd64/libverify.so
7f75be4d6000-7f75be4d8000 rw-p 0000c000 08:02 273276                     /usr/lib/jvm/java-7-oracle/jre/lib/amd64/libverify.so
7f75be4d8000-7f75be4df000 r-xp 00000000 08:02 918587                     /lib/x86_64-linux-gnu/librt-2.19.so
7f75be4df000-7f75be6de000 ---p 00007000 08:02 918587                     /lib/x86_64-linux-gnu/librt-2.19.so
7f75be6de000-7f75be6df000 r--p 00006000 08:02 918587                     /lib/x86_64-linux-gnu/librt-2.19.so
7f75be6df000-7f75be6e0000 rw-p 00007000 08:02 918587                     /lib/x86_64-linux-gnu/librt-2.19.so
7f75be6e0000-7f75be7e5000 r-xp 00000000 08:02 918526                     /lib/x86_64-linux-gnu/libm-2.19.so
7f75be7e5000-7f75be9e4000 ---p 00105000 08:02 918526                     /lib/x86_64-linux-gnu/libm-2.19.so
7f75be9e4000-7f75be9e5000 r--p 00104000 08:02 918526                     /lib/x86_64-linux-gnu/libm-2.19.so
7f75be9e5000-7f75be9e6000 rw-p 00105000 08:02 918526                     /lib/x86_64-linux-gnu/libm-2.19.so
7f75be9e6000-7f75bf55c000 r-xp 00000000 08:02 273239                     /usr/lib/jvm/java-7-oracle/jre/lib/amd64/server/libjvm.so
7f75bf55c000-7f75bf75b000 ---p 00b76000 08:02 273239                     /usr/lib/jvm/java-7-oracle/jre/lib/amd64/server/libjvm.so
7f75bf75b000-7f75bf81f000 rw-p 00b75000 08:02 273239                     /usr/lib/jvm/java-7-oracle/jre/lib/amd64/server/libjvm.so
7f75bf81f000-7f75bf860000 rw-p 00000000 00:00 0 
7f75bf860000-7f75bfa1b000 r-xp 00000000 08:02 918575                     /lib/x86_64-linux-gnu/libc-2.19.so
7f75bfa1b000-7f75bfc1a000 ---p 001bb000 08:02 918575                     /lib/x86_64-linux-gnu/libc-2.19.so
7f75bfc1a000-7f75bfc1e000 r--p 001ba000 08:02 918575                     /lib/x86_64-linux-gnu/libc-2.19.so
7f75bfc1e000-7f75bfc20000 rw-p 001be000 08:02 918575                     /lib/x86_64-linux-gnu/libc-2.19.so
7f75bfc20000-7f75bfc25000 rw-p 00000000 00:00 0 
7f75bfc25000-7f75bfc28000 r-xp 00000000 08:02 918557                     /lib/x86_64-linux-gnu/libdl-2.19.so
7f75bfc28000-7f75bfe27000 ---p 00003000 08:02 918557                     /lib/x86_64-linux-gnu/libdl-2.19.so
7f75bfe27000-7f75bfe28000 r--p 00002000 08:02 918557                     /lib/x86_64-linux-gnu/libdl-2.19.so
7f75bfe28000-7f75bfe29000 rw-p 00003000 08:02 918557                     /lib/x86_64-linux-gnu/libdl-2.19.so
7f75bfe29000-7f75bfe3e000 r-xp 00000000 08:02 393961                     /usr/lib/jvm/java-7-oracle/lib/amd64/jli/libjli.so
7f75bfe3e000-7f75c003d000 ---p 00015000 08:02 393961                     /usr/lib/jvm/java-7-oracle/lib/amd64/jli/libjli.so
7f75c003d000-7f75c003e000 rw-p 00014000 08:02 393961                     /usr/lib/jvm/java-7-oracle/lib/amd64/jli/libjli.so
7f75c003e000-7f75c0057000 r-xp 00000000 08:02 918579                     /lib/x86_64-linux-gnu/libpthread-2.19.so
7f75c0057000-7f75c0256000 ---p 00019000 08:02 918579                     /lib/x86_64-linux-gnu/libpthread-2.19.so
7f75c0256000-7f75c0257000 r--p 00018000 08:02 918579                     /lib/x86_64-linux-gnu/libpthread-2.19.so
7f75c0257000-7f75c0258000 rw-p 00019000 08:02 918579                     /lib/x86_64-linux-gnu/libpthread-2.19.so
7f75c0258000-7f75c025c000 rw-p 00000000 00:00 0 
7f75c025c000-7f75c027f000 r-xp 00000000 08:02 918567                     /lib/x86_64-linux-gnu/ld-2.19.so
7f75c0283000-7f75c0284000 rw-p 00000000 00:00 0 
7f75c0284000-7f75c0288000 r--s 0008b000 08:02 272648                     /usr/lib/jvm/java-7-oracle/jre/lib/jsse.jar
7f75c0288000-7f75c0297000 r--s 000dd000 08:03 5639243                    /home/rahul/Android/Sdk/build-tools/21.1.2/lib/dx.jar
7f75c0297000-7f75c02a3000 rw-p 00000000 00:00 0 
7f75c02a3000-7f75c0357000 rw-p 00000000 00:00 0 
7f75c0357000-7f75c035a000 ---p 00000000 00:00 0 
7f75c035a000-7f75c0472000 rw-p 00000000 00:00 0                          [stack:4895]
7f75c0472000-7f75c047a000 rw-s 00000000 08:02 2228289                    /tmp/hsperfdata_rahul/4890
7f75c047a000-7f75c047b000 rw-p 00000000 00:00 0 
7f75c047b000-7f75c047c000 ---p 00000000 00:00 0 
7f75c047c000-7f75c047e000 rw-p 00000000 00:00 0 
7f75c047e000-7f75c047f000 r--p 00022000 08:02 918567                     /lib/x86_64-linux-gnu/ld-2.19.so
7f75c047f000-7f75c0480000 rw-p 00023000 08:02 918567                     /lib/x86_64-linux-gnu/ld-2.19.so
7f75c0480000-7f75c0481000 rw-p 00000000 00:00 0 
7ffff0616000-7ffff0638000 rw-p 00000000 00:00 0                          [stack]
7ffff0729000-7ffff072b000 r-xp 00000000 00:00 0                          [vdso]
ffffffffff600000-ffffffffff601000 r-xp 00000000 00:00 0                  [vsyscall]

VM Arguments:
jvm_args: -Xmx1024M -Dfile.encoding=UTF-8 -Duser.country=IN -Duser.language=en -Duser.variant 
java_command: com.android.dx.command.Main --dex --output /home/rahul/Downloads/shukla123/app/build/intermediates/dex/debug /home/rahul/Downloads/shukla123/app/build/intermediates/classes/debug /home/rahul/Downloads/shukla123/app/build/intermediates/pre-dexed/debug/support-annotations-22.2.0-579071c2c616f398fd857d62006fbdcafa0efb4b.jar /home/rahul/Downloads/shukla123/app/build/intermediates/pre-dexed/debug/classes-f13b767009cace7556b43e1fadca67815f869a85.jar /home/rahul/Downloads/shukla123/app/build/intermediates/pre-dexed/debug/classes-84fb0020fed8bc56b9c40abe9a4054851b99d4bd.jar /home/rahul/Downloads/shukla123/app/build/intermediates/pre-dexed/debug/classes-d67e62b2795fdae41e3780b36eedcb2e33df26e1.jar /home/rahul/Downloads/shukla123/app/build/intermediates/pre-dexed/debug/internal_impl-22.0.0-d28886c44060c5704459aca077bae15b2ba59844.jar /home/rahul/Downloads/shukla123/app/build/intermediates/pre-dexed/debug/classes-eeb860e67727671d77abe16f2bc2cd79e033d57d.jar /home/rahul/Downloads/shukla123/app/build/intermediates/pre-dexed/debug/classes-2811fff4e16022a71ebe8759eded29eebf518dc4.jar /home/rahul/Downloads/shukla123/app/build/intermediates/pre-dexed/debug/classes-897effa2cf1c56db48ce1f8f5301531e70263331.jar /home/rahul/Downloads/shukla123/app/build/intermediates/pre-dexed/debug/classes-f4fd8ef15a6eab9d18a2a619966a982bc99eeeb9.jar /home/rahul/Downloads/shukla123/app/build/intermediates/pre-dexed/debug/classes-e4780c71c07e4ff7fdeefaf72852e97b507bb059.jar /home/rahul/Downloads/shukla123/app/build/intermediates/pre-dexed/debug/classes-8cf8dc50c46aeb9f1a8438eb1fec10bde5e23dbe.jar /home/rahul/Downloads/shukla123/app/build/intermediates/pre-dexed/debug/classes-446206ec9d79674f4f63e7fd1c8cb1e59110ecd9.jar /home/rahul/Downloads/shukla123/app/build/intermediates/pre-dexed/debug/classes-784fc0ea4c2805b02fb1f1f4188090892429f4d6.jar /home/rahul/Downloads/shukla123/app/build/intermediates/pre-dexed/debug/classes-a56cf4ab3db8c05b81f94bf0f07af121dfd81254.jar /home/rahul/Downloads/s
Launcher Type: SUN_STANDARD

Environment Variables:
PATH=/usr/local/sbin:/usr/local/bin:/usr/sbin:/usr/bin:/sbin:/bin:/usr/games:/usr/local/games:/home/rahul/android-sdk-linux/tools:/home/rahul/android-sdk-linux/platform-tools:/home/rahul/Documents/Rahul/android-studio/bin:/home/rahul/android-sdk-linux/tools:/home/rahul/android-sdk-linux/platform-tools:/home/rahul/Documents/Rahul/android-studio/bin
USERNAME=rahul
LD_LIBRARY_PATH=/home/rahul/Documents/Rahul/android-studio/bin:
SHELL=/bin/bash
DISPLAY=:0

Signal Handlers:
SIGSEGV: [libjvm.so+0x9a3b20], sa_mask[0]=0x7ffbfeff, sa_flags=0x10000004
SIGBUS: [libjvm.so+0x9a3b20], sa_mask[0]=0x7ffbfeff, sa_flags=0x10000004
SIGFPE: [libjvm.so+0x81e740], sa_mask[0]=0x7ffbfeff, sa_flags=0x10000004
SIGPIPE: [libjvm.so+0x81e740], sa_mask[0]=0x7ffbfeff, sa_flags=0x10000004
SIGXFSZ: [libjvm.so+0x81e740], sa_mask[0]=0x7ffbfeff, sa_flags=0x10000004
SIGILL: [libjvm.so+0x81e740], sa_mask[0]=0x7ffbfeff, sa_flags=0x10000004
SIGUSR1: SIG_DFL, sa_mask[0]=0x00000000, sa_flags=0x00000000
SIGUSR2: [libjvm.so+0x81ffb0], sa_mask[0]=0x00000004, sa_flags=0x10000004
SIGHUP: SIG_IGN, sa_mask[0]=0x00000000, sa_flags=0x00000000
SIGINT: [libjvm.so+0x8210d0], sa_mask[0]=0x7ffbfeff, sa_flags=0x10000004
SIGTERM: [libjvm.so+0x8210d0], sa_mask[0]=0x7ffbfeff, sa_flags=0x10000004
SIGQUIT: [libjvm.so+0x8210d0], sa_mask[0]=0x7ffbfeff, sa_flags=0x10000004


---------------  S Y S T E M  ---------------

OS:jessie/sid

uname:Linux 3.13.0-37-generic #64-Ubuntu SMP Mon Sep 22 21:28:38 UTC 2014 x86_64
libc:glibc 2.19 NPTL 2.19 
rlimit: STACK 8192k, CORE 0k, NPROC 30568, NOFILE 4096, AS infinity
load average:0.71 0.47 0.62

/proc/meminfo:
MemTotal:        3943912 kB
MemFree:          111576 kB
Buffers:            1876 kB
Cached:           404048 kB
SwapCached:            0 kB
Active:          3265468 kB
Inactive:         375088 kB
Active(anon):    3241468 kB
Inactive(anon):   345792 kB
Active(file):      24000 kB
Inactive(file):    29296 kB
Unevictable:          16 kB
Mlocked:              16 kB
SwapTotal:             0 kB
SwapFree:              0 kB
Dirty:                24 kB
Writeback:            16 kB
AnonPages:       3234732 kB
Mapped:           255280 kB
Shmem:            352404 kB
Slab:              74876 kB
SReclaimable:      40100 kB
SUnreclaim:        34776 kB
KernelStack:        4928 kB
PageTables:        31196 kB
NFS_Unstable:          0 kB
Bounce:                0 kB
WritebackTmp:          0 kB
CommitLimit:     1971956 kB
Committed_AS:    6554520 kB
VmallocTotal:   34359738367 kB
VmallocUsed:      555264 kB
VmallocChunk:   34359158268 kB
HardwareCorrupted:     0 kB
AnonHugePages:   2017280 kB
HugePages_Total:       0
HugePages_Free:        0
HugePages_Rsvd:        0
HugePages_Surp:        0
Hugepagesize:       2048 kB
DirectMap4k:      101116 kB
DirectMap2M:     3989504 kB


CPU:total 4 (2 cores per cpu, 2 threads per core) family 6 model 58 stepping 9, cmov, cx8, fxsr, mmx, sse, sse2, sse3, ssse3, sse4.1, sse4.2, popcnt, avx, aes, erms, ht, tsc, tscinvbit, tscinv

/proc/cpuinfo:
processor	: 0
vendor_id	: GenuineIntel
cpu family	: 6
model		: 58
model name	: Intel(R) Core(TM) i5-3230M CPU @ 2.60GHz
stepping	: 9
microcode	: 0x17
cpu MHz		: 2601.000
cache size	: 3072 KB
physical id	: 0
siblings	: 4
core id		: 0
cpu cores	: 2
apicid		: 0
initial apicid	: 0
fpu		: yes
fpu_exception	: yes
cpuid level	: 13
wp		: yes
flags		: fpu vme de pse tsc msr pae mce cx8 apic sep mtrr pge mca cmov pat pse36 clflush dts acpi mmx fxsr sse sse2 ss ht tm pbe syscall nx rdtscp lm constant_tsc arch_perfmon pebs bts rep_good nopl xtopology nonstop_tsc aperfmperf eagerfpu pni pclmulqdq dtes64 monitor ds_cpl vmx est tm2 ssse3 cx16 xtpr pdcm pcid sse4_1 sse4_2 x2apic popcnt tsc_deadline_timer aes xsave avx f16c rdrand lahf_lm ida arat epb xsaveopt pln pts dtherm tpr_shadow vnmi flexpriority ept vpid fsgsbase smep erms
bogomips	: 5188.01
clflush size	: 64
cache_alignment	: 64
address sizes	: 36 bits physical, 48 bits virtual
power management:

processor	: 1
vendor_id	: GenuineIntel
cpu family	: 6
model		: 58
model name	: Intel(R) Core(TM) i5-3230M CPU @ 2.60GHz
stepping	: 9
microcode	: 0x17
cpu MHz		: 2601.000
cache size	: 3072 KB
physical id	: 0
siblings	: 4
core id		: 0
cpu cores	: 2
apicid		: 1
initial apicid	: 1
fpu		: yes
fpu_exception	: yes
cpuid level	: 13
wp		: yes
flags		: fpu vme de pse tsc msr pae mce cx8 apic sep mtrr pge mca cmov pat pse36 clflush dts acpi mmx fxsr sse sse2 ss ht tm pbe syscall nx rdtscp lm constant_tsc arch_perfmon pebs bts rep_good nopl xtopology nonstop_tsc aperfmperf eagerfpu pni pclmulqdq dtes64 monitor ds_cpl vmx est tm2 ssse3 cx16 xtpr pdcm pcid sse4_1 sse4_2 x2apic popcnt tsc_deadline_timer aes xsave avx f16c rdrand lahf_lm ida arat epb xsaveopt pln pts dtherm tpr_shadow vnmi flexpriority ept vpid fsgsbase smep erms
bogomips	: 5188.01
clflush size	: 64
cache_alignment	: 64
address sizes	: 36 bits physical, 48 bits virtual
power management:

processor	: 2
vendor_id	: GenuineIntel
cpu family	: 6
model		: 58
model name	: Intel(R) Core(TM) i5-3230M CPU @ 2.60GHz
stepping	: 9
microcode	: 0x17
cpu MHz		: 1500.000
cache size	: 3072 KB
physical id	: 0
siblings	: 4
core id		: 1
cpu cores	: 2
apicid		: 2
initial apicid	: 2
fpu		: yes
fpu_exception	: yes
cpuid level	: 13
wp		: yes
flags		: fpu vme de pse tsc msr pae mce cx8 apic sep mtrr pge mca cmov pat pse36 clflush dts acpi mmx fxsr sse sse2 ss ht tm pbe syscall nx rdtscp lm constant_tsc arch_perfmon pebs bts rep_good nopl xtopology nonstop_tsc aperfmperf eagerfpu pni pclmulqdq dtes64 monitor ds_cpl vmx est tm2 ssse3 cx16 xtpr pdcm pcid sse4_1 sse4_2 x2apic popcnt tsc_deadline_timer aes xsave avx f16c rdrand lahf_lm ida arat epb xsaveopt pln pts dtherm tpr_shadow vnmi flexpriority ept vpid fsgsbase smep erms
bogomips	: 5188.01
clflush size	: 64
cache_alignment	: 64
address sizes	: 36 bits physical, 48 bits virtual
power management:

processor	: 3
vendor_id	: GenuineIntel
cpu family	: 6
model		: 58
model name	: Intel(R) Core(TM) i5-3230M CPU @ 2.60GHz
stepping	: 9
microcode	: 0x17
cpu MHz		: 1200.000
cache size	: 3072 KB
physical id	: 0
siblings	: 4
core id		: 1
cpu cores	: 2
apicid		: 3
initial apicid	: 3
fpu		: yes
fpu_exception	: yes
cpuid level	: 13
wp		: yes
flags		: fpu vme de pse tsc msr pae mce cx8 apic sep mtrr pge mca cmov pat pse36 clflush dts acpi mmx fxsr sse sse2 ss ht tm pbe syscall nx rdtscp lm constant_tsc arch_perfmon pebs bts rep_good nopl xtopology nonstop_tsc aperfmperf eagerfpu pni pclmulqdq dtes64 monitor ds_cpl vmx est tm2 ssse3 cx16 xtpr pdcm pcid sse4_1 sse4_2 x2apic popcnt tsc_deadline_timer aes xsave avx f16c rdrand lahf_lm ida arat epb xsaveopt pln pts dtherm tpr_shadow vnmi flexpriority ept vpid fsgsbase smep erms
bogomips	: 5188.01
clflush size	: 64
cache_alignment	: 64
address sizes	: 36 bits physical, 48 bits virtual
power management:



Memory: 4k page, physical 3943912k(111576k free), swap 0k(0k free)

vm_info: Java HotSpot(TM) 64-Bit Server VM (24.80-b11) for linux-amd64 JRE (1.7.0_80-b15), built on Apr 10 2015 19:53:14 by "java_re" with gcc 4.3.0 20080428 (Red Hat 4.3.0-8)

time: Tue Jun 23 16:41:04 2015
elapsed time: 10 seconds

